<?xml version="1.0" encoding="UTF-8"?>
<!-- Generated by org.testng.reporters.JUnitReportReporter -->
<testsuite hostname="SANJIVANI" failures="0" tests="7" name="test.Demo4" time="0.015" errors="0" timestamp="2019-10-03T11:27:12 IST" skipped="0">
  <testcase classname="test.Demo4" name="TestCase2" time="0.002"/>
  <testcase classname="test.Demo4" name="TestCase1" time="0.002"/>
  <testcase classname="test.Demo4" name="TestCase1" time="0.002"/>
  <testcase classname="test.Demo4" name="TestCase1" time="0.001"/>
  <testcase classname="test.Demo4" name="TestCase1" time="0.003"/>
  <testcase classname="test.Demo4" name="TestCase1" time="0.004"/>
  <testcase classname="test.Demo4" name="Testcase3" time="0.001"/>
</testsuite> <!-- test.Demo4 -->
