<?xml version="1.0" encoding="UTF-8"?>
<!-- Generated by org.testng.reporters.JUnitReportReporter -->
<testsuite hostname="SANJIVANI" failures="0" tests="3" name="test.Demo2" time="0.096" errors="0" timestamp="2019-10-31T17:38:48 IST" skipped="0">
  <testcase classname="test.Demo2" name="TestCase2" time="0.004"/>
  <testcase classname="test.Demo2" name="TestCase1" time="0.044"/>
  <testcase classname="test.Demo2" name="Testcase3" time="0.048"/>
</testsuite> <!-- test.Demo2 -->
