<?xml version="1.0" encoding="UTF-8"?>
<!-- Generated by org.testng.reporters.JUnitReportReporter -->
<testsuite hostname="SANJIVANI" failures="0" tests="1" name="test.Demo9" time="56.321" errors="0" timestamp="2019-10-29T13:56:08 IST" skipped="0">
  <testcase classname="test.Demo9" name="Testcase" time="56.321"/>
</testsuite> <!-- test.Demo9 -->
