<?xml version="1.0" encoding="UTF-8"?>
<!-- Generated by org.testng.reporters.JUnitReportReporter -->
<testsuite hostname="SANJIVANI" failures="0" tests="1" name="test.Demo6" time="49.024" errors="0" timestamp="2019-10-02T16:55:22 IST" skipped="0">
  <testcase classname="test.Demo6" name="TestCase1" time="49.024"/>
</testsuite> <!-- test.Demo6 -->
