<?xml version="1.0" encoding="UTF-8"?>
<!-- Generated by org.testng.reporters.JUnitReportReporter -->
<testsuite hostname="SANJIVANI" failures="0" tests="2" name="Library.update" time="31.905" errors="0" timestamp="2019-11-04T13:47:28 IST" skipped="0">
  <testcase classname="Library.update" name="Testcase12" time="16.748"/>
  <testcase classname="Library.update" name="TestCase13" time="15.157"/>
</testsuite> <!-- Library.update -->
