<?xml version="1.0" encoding="UTF-8"?>
<!-- Generated by org.testng.reporters.JUnitReportReporter -->
<testsuite hostname="SANJIVANI" failures="0" tests="1" name="Library.register" time="19.514" errors="0" timestamp="2019-11-04T13:47:28 IST" skipped="0">
  <testcase classname="Library.register" name="TestCase7" time="19.514"/>
</testsuite> <!-- Library.register -->
